[debug] [2026-03-21T03:02:33.800Z] ----------------------------------------------------------------------
[debug] [2026-03-21T03:02:33.802Z] Command:       C:\Program Files\nodejs\node.exe C:\Users\drsle\AppData\Roaming\npm\node_modules\firebase-tools\lib\bin\firebase.js serve
[debug] [2026-03-21T03:02:33.802Z] CLI Version:   15.11.0
[debug] [2026-03-21T03:02:33.803Z] Platform:      win32
[debug] [2026-03-21T03:02:33.803Z] Node Version:  v24.14.0
[debug] [2026-03-21T03:02:33.803Z] Time:          Fri Mar 20 2026 20:02:33 GMT-0700 (Pacific Daylight Time)
[debug] [2026-03-21T03:02:33.803Z] ----------------------------------------------------------------------
[debug] 
[debug] [2026-03-21T03:02:34.574Z] > command requires scopes: ["email","openid","https://www.googleapis.com/auth/cloudplatformprojects.readonly","https://www.googleapis.com/auth/firebase","https://www.googleapis.com/auth/cloud-platform"]
[debug] [2026-03-21T03:02:34.574Z] > authorizing via signed-in user (drsleep@gmail.com)
[debug] [2026-03-21T03:02:34.574Z] [iam] checking project pacpal-9f9bf for permissions ["firebase.projects.get"]
[debug] [2026-03-21T03:02:34.575Z] Checked if tokens are valid: true, expires at: 1774063492138
[debug] [2026-03-21T03:02:34.575Z] Checked if tokens are valid: true, expires at: 1774063492138
[debug] [2026-03-21T03:02:34.576Z] >>> [apiv2][query] POST https://cloudresourcemanager.googleapis.com/v1/projects/pacpal-9f9bf:testIamPermissions [none]
[debug] [2026-03-21T03:02:34.576Z] >>> [apiv2][(partial)header] POST https://cloudresourcemanager.googleapis.com/v1/projects/pacpal-9f9bf:testIamPermissions  x-goog-user-project=pacpal-9f9bf
[debug] [2026-03-21T03:02:34.576Z] >>> [apiv2][body] POST https://cloudresourcemanager.googleapis.com/v1/projects/pacpal-9f9bf:testIamPermissions {"permissions":["firebase.projects.get"]}
[debug] [2026-03-21T03:02:35.856Z] <<< [apiv2][status] POST https://cloudresourcemanager.googleapis.com/v1/projects/pacpal-9f9bf:testIamPermissions 200
[debug] [2026-03-21T03:02:35.856Z] <<< [apiv2][body] POST https://cloudresourcemanager.googleapis.com/v1/projects/pacpal-9f9bf:testIamPermissions {"permissions":["firebase.projects.get"]}
[debug] [2026-03-21T03:02:35.857Z] Checked if tokens are valid: true, expires at: 1774063492138
[debug] [2026-03-21T03:02:35.857Z] Checked if tokens are valid: true, expires at: 1774063492138
[debug] [2026-03-21T03:02:35.857Z] >>> [apiv2][query] GET https://cloudresourcemanager.googleapis.com/v1/projects/pacpal-9f9bf [none]
[debug] [2026-03-21T03:02:35.981Z] <<< [apiv2][status] GET https://cloudresourcemanager.googleapis.com/v1/projects/pacpal-9f9bf 200
[debug] [2026-03-21T03:02:35.981Z] <<< [apiv2][body] GET https://cloudresourcemanager.googleapis.com/v1/projects/pacpal-9f9bf {"projectNumber":"993977477357","projectId":"pacpal-9f9bf","lifecycleState":"ACTIVE","name":"PACPal","labels":{"firebase":"enabled","firebase-core":"disabled"},"createTime":"2026-03-21T00:05:52.911Z"}
[info] 
[info] === Serving from 'C:\Users\drsle\Downloads\PACPal-main'...
[info] 
[debug] [2026-03-21T03:02:35.987Z] Checked if tokens are valid: true, expires at: 1774063492138
[debug] [2026-03-21T03:02:35.987Z] Checked if tokens are valid: true, expires at: 1774063492138
[debug] [2026-03-21T03:02:35.987Z] >>> [apiv2][query] GET https://firebasehosting.googleapis.com/v1beta1/projects/pacpal-9f9bf/sites 
[debug] [2026-03-21T03:02:36.885Z] <<< [apiv2][status] GET https://firebasehosting.googleapis.com/v1beta1/projects/pacpal-9f9bf/sites 200
[debug] [2026-03-21T03:02:36.885Z] <<< [apiv2][body] GET https://firebasehosting.googleapis.com/v1beta1/projects/pacpal-9f9bf/sites {"sites":[{"name":"projects/pacpal-9f9bf/sites/pacpal-9f9bf","defaultUrl":"https://pacpal-9f9bf.web.app","type":"DEFAULT_SITE"},{"name":"projects/pacpal-9f9bf/sites/pacpal-meds","defaultUrl":"https://pacpal-meds.web.app","appId":"1:993977477357:web:72a2c5dee83d40e4b7c4e4","type":"USER_SITE"}]}
[debug] [2026-03-21T03:02:36.885Z] Checked if tokens are valid: true, expires at: 1774063492138
[debug] [2026-03-21T03:02:36.885Z] Checked if tokens are valid: true, expires at: 1774063492138
[debug] [2026-03-21T03:02:36.885Z] >>> [apiv2][query] GET https://firebase.googleapis.com/v1beta1/projects/pacpal-9f9bf/webApps/-/config [none]
[debug] [2026-03-21T03:02:37.364Z] <<< [apiv2][status] GET https://firebase.googleapis.com/v1beta1/projects/pacpal-9f9bf/webApps/-/config 200
[debug] [2026-03-21T03:02:37.365Z] <<< [apiv2][body] GET https://firebase.googleapis.com/v1beta1/projects/pacpal-9f9bf/webApps/-/config {"projectId":"pacpal-9f9bf","appId":"1:993977477357:web:72a2c5dee83d40e4b7c4e4","storageBucket":"pacpal-9f9bf.firebasestorage.app","apiKey":"AIzaSyA5uz0RFyrCkxJocq8kZwFg_pcO2P6WTUg","authDomain":"pacpal-9f9bf.firebaseapp.com","messagingSenderId":"993977477357","measurementId":"G-QMLLEV67R5","projectNumber":"993977477357","version":"2"}
[debug] [2026-03-21T03:02:37.372Z] Checked if tokens are valid: true, expires at: 1774063492138
[debug] [2026-03-21T03:02:37.372Z] Checked if tokens are valid: true, expires at: 1774063492138
[debug] [2026-03-21T03:02:37.372Z] >>> [apiv2][query] GET https://firebase.googleapis.com/v1beta1/projects/pacpal-9f9bf [none]
[debug] [2026-03-21T03:02:37.539Z] <<< [apiv2][status] GET https://firebase.googleapis.com/v1beta1/projects/pacpal-9f9bf 200
[debug] [2026-03-21T03:02:37.539Z] <<< [apiv2][body] GET https://firebase.googleapis.com/v1beta1/projects/pacpal-9f9bf {"projectId":"pacpal-9f9bf","projectNumber":"993977477357","displayName":"PACPal","name":"projects/pacpal-9f9bf","resources":{"hostingSite":"pacpal-9f9bf"},"state":"ACTIVE","etag":"1_9e0bed07-7d5b-4058-a35b-6ebee94c5ece"}
[info] i  hosting[pacpal-meds]: Serving hosting files from: public {"metadata":{"emulator":{"name":"hosting"},"message":"Serving hosting files from: \u001b[1mpublic\u001b[22m"}}
[info] +  hosting[pacpal-meds]: Local server: http://localhost:5000 {"metadata":{"emulator":{"name":"hosting"},"message":"Local server: \u001b[4m\u001b[1mhttp://localhost:5000\u001b[22m\u001b[24m"}}
[info] i  hosting: ::1 - - [21/Mar/2026:03:02:42 +0000] "GET / HTTP/1.1" 200 - "-" "Mozilla/5.0 (Windows NT 10.0; Win64; x64) AppleWebKit/537.36 (KHTML, like Gecko) Chrome/146.0.0.0 Safari/537.36" {"metadata":{"emulator":{"name":"hosting"},"message":"::1 - - [21/Mar/2026:03:02:42 +0000] \"GET / HTTP/1.1\" 200 - \"-\" \"Mozilla/5.0 (Windows NT 10.0; Win64; x64) AppleWebKit/537.36 (KHTML, like Gecko) Chrome/146.0.0.0 Safari/537.36\""}}
[info] i  hosting: ::1 - - [21/Mar/2026:03:02:42 +0000] "GET /style.css?v=1.2 HTTP/1.1" 200 - "http://localhost:5000/" "Mozilla/5.0 (Windows NT 10.0; Win64; x64) AppleWebKit/537.36 (KHTML, like Gecko) Chrome/146.0.0.0 Safari/537.36" {"metadata":{"emulator":{"name":"hosting"},"message":"::1 - - [21/Mar/2026:03:02:42 +0000] \"GET /style.css?v=1.2 HTTP/1.1\" 200 - \"http://localhost:5000/\" \"Mozilla/5.0 (Windows NT 10.0; Win64; x64) AppleWebKit/537.36 (KHTML, like Gecko) Chrome/146.0.0.0 Safari/537.36\""}}
[info] i  hosting: ::1 - - [21/Mar/2026:03:02:42 +0000] "GET /app.js?v=2.0 HTTP/1.1" 200 - "http://localhost:5000/" "Mozilla/5.0 (Windows NT 10.0; Win64; x64) AppleWebKit/537.36 (KHTML, like Gecko) Chrome/146.0.0.0 Safari/537.36" {"metadata":{"emulator":{"name":"hosting"},"message":"::1 - - [21/Mar/2026:03:02:42 +0000] \"GET /app.js?v=2.0 HTTP/1.1\" 200 - \"http://localhost:5000/\" \"Mozilla/5.0 (Windows NT 10.0; Win64; x64) AppleWebKit/537.36 (KHTML, like Gecko) Chrome/146.0.0.0 Safari/537.36\""}}
[info] i  hosting: ::1 - - [21/Mar/2026:03:02:51 +0000] "GET /admin HTTP/1.1" 404 - "-" "Mozilla/5.0 (Windows NT 10.0; Win64; x64) AppleWebKit/537.36 (KHTML, like Gecko) Chrome/146.0.0.0 Safari/537.36" {"metadata":{"emulator":{"name":"hosting"},"message":"::1 - - [21/Mar/2026:03:02:51 +0000] \"GET /admin HTTP/1.1\" 404 - \"-\" \"Mozilla/5.0 (Windows NT 10.0; Win64; x64) AppleWebKit/537.36 (KHTML, like Gecko) Chrome/146.0.0.0 Safari/537.36\""}}
[info] i  hosting: ::1 - - [21/Mar/2026:03:03:13 +0000] "GET /admin.html HTTP/1.1" 404 - "-" "Mozilla/5.0 (Windows NT 10.0; Win64; x64) AppleWebKit/537.36 (KHTML, like Gecko) Chrome/146.0.0.0 Safari/537.36" {"metadata":{"emulator":{"name":"hosting"},"message":"::1 - - [21/Mar/2026:03:03:13 +0000] \"GET /admin.html HTTP/1.1\" 404 - \"-\" \"Mozilla/5.0 (Windows NT 10.0; Win64; x64) AppleWebKit/537.36 (KHTML, like Gecko) Chrome/146.0.0.0 Safari/537.36\""}}
[info] i  hosting: ::1 - - [21/Mar/2026:03:03:44 +0000] "GET /admin.html HTTP/1.1" 404 - "-" "Mozilla/5.0 (Windows NT 10.0; Win64; x64) AppleWebKit/537.36 (KHTML, like Gecko) Chrome/146.0.0.0 Safari/537.36" {"metadata":{"emulator":{"name":"hosting"},"message":"::1 - - [21/Mar/2026:03:03:44 +0000] \"GET /admin.html HTTP/1.1\" 404 - \"-\" \"Mozilla/5.0 (Windows NT 10.0; Win64; x64) AppleWebKit/537.36 (KHTML, like Gecko) Chrome/146.0.0.0 Safari/537.36\""}}
[info] i  hosting: ::1 - - [21/Mar/2026:03:03:47 +0000] "GET /admin.html HTTP/1.1" 404 - "-" "Mozilla/5.0 (Windows NT 10.0; Win64; x64) AppleWebKit/537.36 (KHTML, like Gecko) Chrome/146.0.0.0 Safari/537.36" {"metadata":{"emulator":{"name":"hosting"},"message":"::1 - - [21/Mar/2026:03:03:47 +0000] \"GET /admin.html HTTP/1.1\" 404 - \"-\" \"Mozilla/5.0 (Windows NT 10.0; Win64; x64) AppleWebKit/537.36 (KHTML, like Gecko) Chrome/146.0.0.0 Safari/537.36\""}}
[info] Shutting down...
[debug] [2026-03-21T03:04:10.290Z] Error: Timed out.
    at Timeout._onTimeout (C:\Users\drsle\AppData\Roaming\npm\node_modules\firebase-tools\lib\utils.js:308:49)
    at listOnTimeout (node:internal/timers:605:17)
    at process.processTimers (node:internal/timers:541:7)
[error] 
[error] Error: An unexpected error has occurred.
[debug] [2026-03-21T03:04:22.840Z] ----------------------------------------------------------------------
[debug] [2026-03-21T03:04:22.842Z] Command:       C:\Program Files\nodejs\node.exe C:\Users\drsle\AppData\Roaming\npm\node_modules\firebase-tools\lib\bin\firebase.js serve
[debug] [2026-03-21T03:04:22.842Z] CLI Version:   15.11.0
[debug] [2026-03-21T03:04:22.842Z] Platform:      win32
[debug] [2026-03-21T03:04:22.842Z] Node Version:  v24.14.0
[debug] [2026-03-21T03:04:22.842Z] Time:          Fri Mar 20 2026 20:04:22 GMT-0700 (Pacific Daylight Time)
[debug] [2026-03-21T03:04:22.842Z] ----------------------------------------------------------------------
[debug] 
[debug] [2026-03-21T03:04:23.584Z] > command requires scopes: ["email","openid","https://www.googleapis.com/auth/cloudplatformprojects.readonly","https://www.googleapis.com/auth/firebase","https://www.googleapis.com/auth/cloud-platform"]
[debug] [2026-03-21T03:04:23.585Z] > authorizing via signed-in user (drsleep@gmail.com)
[debug] [2026-03-21T03:04:23.585Z] [iam] checking project pacpal-9f9bf for permissions ["firebase.projects.get"]
[debug] [2026-03-21T03:04:23.585Z] Checked if tokens are valid: true, expires at: 1774063492138
[debug] [2026-03-21T03:04:23.585Z] Checked if tokens are valid: true, expires at: 1774063492138
[debug] [2026-03-21T03:04:23.586Z] >>> [apiv2][query] POST https://cloudresourcemanager.googleapis.com/v1/projects/pacpal-9f9bf:testIamPermissions [none]
[debug] [2026-03-21T03:04:23.586Z] >>> [apiv2][(partial)header] POST https://cloudresourcemanager.googleapis.com/v1/projects/pacpal-9f9bf:testIamPermissions  x-goog-user-project=pacpal-9f9bf
[debug] [2026-03-21T03:04:23.586Z] >>> [apiv2][body] POST https://cloudresourcemanager.googleapis.com/v1/projects/pacpal-9f9bf:testIamPermissions {"permissions":["firebase.projects.get"]}
[debug] [2026-03-21T03:04:42.594Z] *** [apiv2] error from fetch(https://cloudresourcemanager.googleapis.com/v1/projects/pacpal-9f9bf:testIamPermissions, {"headers":{},"method":"POST","body":"{\"permissions\":[\"firebase.projects.get\"]}"}): FetchError: request to https://cloudresourcemanager.googleapis.com/v1/projects/pacpal-9f9bf:testIamPermissions failed, reason: read ECONNRESET
[debug] [2026-03-21T03:04:42.595Z] [iam] error while checking permissions, command may fail: Failed to make request to https://cloudresourcemanager.googleapis.com/v1/projects/pacpal-9f9bf:testIamPermissions
[debug] [2026-03-21T03:04:42.596Z] Checked if tokens are valid: true, expires at: 1774063492138
[debug] [2026-03-21T03:04:42.596Z] Checked if tokens are valid: true, expires at: 1774063492138
[debug] [2026-03-21T03:04:42.597Z] >>> [apiv2][query] GET https://cloudresourcemanager.googleapis.com/v1/projects/pacpal-9f9bf [none]
